<?xml version="1.0" encoding="UTF-8"?>
<!-- Generated by org.testng.reporters.JUnitReportReporter -->
<testsuite skipped="0" hostname="KE-PC" name="com_crmpro_login_test.LoginPageTest" tests="1" failures="0" timestamp="12 Dec 2018 13:11:50 GMT" time="2.823" errors="0">
  <testcase name="checkValidLogin" time="2.823" classname="com_crmpro_login_test.LoginPageTest"/>
</testsuite> <!-- com_crmpro_login_test.LoginPageTest -->
